c:\users\dhava\documents\raytracer\hw2-windows\hw2-windows\debug\vc143.pdb
c:\users\dhava\documents\raytracer\hw2-windows\hw2-windows\debug\vc143.idb
c:\users\dhava\documents\raytracer\hw2-windows\hw2-windows\debug\transform.obj
c:\users\dhava\documents\raytracer\hw2-windows\hw2-windows\debug\readfile.obj
c:\users\dhava\documents\raytracer\hw2-windows\hw2-windows\debug\raytracer.obj
c:\users\dhava\documents\raytracer\hw2-windows\hw2-windows\debug\main.obj
c:\users\dhava\documents\raytracer\hw2-windows\hw2-windows\debug\raytracer.ilk
c:\users\dhava\documents\raytracer\hw2-windows\debug\raytracer.exe
c:\users\dhava\documents\raytracer\hw2-windows\debug\raytracer.pdb
c:\users\dhava\documents\raytracer\hw2-windows\hw2-windows\debug\grader.obj
c:\users\dhava\documents\raytracer\hw2-windows\hw2-windows\debug\triangle.obj
c:\users\dhava\documents\raytracer\hw2-windows\hw2-windows\debug\main.obj.enc
c:\users\dhava\documents\raytracer\hw2-windows\hw2-windows\debug\raytracer.obj.enc
c:\users\dhava\documents\raytracer\hw2-windows\hw2-windows\debug\hw2-windows.ilk
c:\users\dhava\documents\raytracer\hw2-windows\hw2-windows\debug\raytracer.tlog\cl.command.1.tlog
c:\users\dhava\documents\raytracer\hw2-windows\hw2-windows\debug\raytracer.tlog\cl.read.1.tlog
c:\users\dhava\documents\raytracer\hw2-windows\hw2-windows\debug\raytracer.tlog\cl.write.1.tlog
c:\users\dhava\documents\raytracer\hw2-windows\hw2-windows\debug\raytracer.tlog\link.command.1.tlog
c:\users\dhava\documents\raytracer\hw2-windows\hw2-windows\debug\raytracer.tlog\link.read.1.tlog
c:\users\dhava\documents\raytracer\hw2-windows\hw2-windows\debug\raytracer.tlog\link.write.1.tlog
