  raytracer.cpp
C:\Users\dhava\Documents\raytracer\hw2-windows\hw2-windows\raytracer.cpp(6,47): warning C4244: 'argument': conversion from 'float' to 'int', possible loss of data
C:\Users\dhava\Documents\raytracer\hw2-windows\hw2-windows\raytracer.cpp(6,40): warning C4244: 'argument': conversion from 'float' to 'int', possible loss of data
C:\Users\dhava\Documents\raytracer\hw2-windows\hw2-windows\raytracer.cpp(16,32): warning C4244: '=': conversion from 'T' to 'BYTE', possible loss of data
          with
          [
              T=float
          ]
C:\Users\dhava\Documents\raytracer\hw2-windows\hw2-windows\raytracer.cpp(17,34): warning C4244: '=': conversion from 'T' to 'BYTE', possible loss of data
          with
          [
              T=float
          ]
C:\Users\dhava\Documents\raytracer\hw2-windows\hw2-windows\raytracer.cpp(18,33): warning C4244: '=': conversion from 'T' to 'BYTE', possible loss of data
          with
          [
              T=float
          ]
C:\Users\dhava\Documents\raytracer\hw2-windows\hw2-windows\raytracer.cpp(20,46): warning C4244: 'argument': conversion from 'float' to 'unsigned int', possible loss of data
C:\Users\dhava\Documents\raytracer\hw2-windows\hw2-windows\raytracer.cpp(20,36): warning C4244: 'argument': conversion from 'float' to 'unsigned int', possible loss of data
C:\Users\dhava\Documents\raytracer\hw2-windows\hw2-windows\raytracer.cpp(54,63): warning C4244: 'argument': conversion from 'double' to 'float', possible loss of data
  Generating code
  Previous IPDB and IOBJ mismatch, fall back to full compilation.
  All 625 functions were compiled because no usable IPDB/IOBJ from previous compilation was found.
  Finished generating code
  hw2-windows.vcxproj -> C:\Users\dhava\Documents\raytracer\hw2-windows\Release\raytracer.exe
